<?xml version="1.0" encoding="utf-8"?><testsuites name="pytest tests"><testsuite name="pytest" errors="0" failures="0" skipped="0" tests="7" time="10.068" timestamp="2026-07-14T06:29:04.304139+00:00" hostname="agent-env-3edffae1-435e-4871-b58f-2fd9fe64a9b9"><testcase classname="tests.test_delete_and_empty_save.TestPutEmptyItems" name="test_put_empty_items_returns_400" time="1.480" /><testcase classname="tests.test_delete_and_empty_save.TestDeleteConfirm" name="test_delete_without_confirm_returns_400" time="1.553" /><testcase classname="tests.test_delete_and_empty_save.TestPutEmptyItems" name="test_put_valid_items_succeeds" time="0.654" /><testcase classname="tests.test_delete_and_empty_save.TestDeleteConfirm" name="test_delete_wrong_confirm_string" time="0.624" /><testcase classname="tests.test_delete_and_empty_save.TestHeroSearchRegression" name="test_hero_search_35010" time="6.673" /><testcase classname="tests.test_delete_and_empty_save.TestDeleteConfirm" name="test_delete_correct_confirm_lowercase" time="6.755" /><testcase classname="tests.test_delete_and_empty_save.TestDeleteConfirm" name="test_delete_confirm_case_insensitive" time="0.657" /></testsuite></testsuites>