<?xml version="1.0" encoding="utf-8"?><testsuites name="pytest tests"><testsuite name="pytest" errors="0" failures="0" skipped="0" tests="7" time="35.840" timestamp="2026-07-14T06:08:57.281076+00:00" hostname="agent-env-3edffae1-435e-4871-b58f-2fd9fe64a9b9"><testcase classname="tests.test_hero_search" name="test_root_service" time="0.313" /><testcase classname="tests.test_hero_search" name="test_login_returns_jwt" time="0.315" /><testcase classname="tests.test_hero_search" name="test_hero_search_requires_auth" time="0.135" /><testcase classname="tests.test_hero_search" name="test_hero_search_returns_results[35010]" time="8.535" /><testcase classname="tests.test_hero_search" name="test_hero_search_returns_results[91201]" time="11.535" /><testcase classname="tests.test_hero_search" name="test_hero_search_returns_results[50201]" time="7.502" /><testcase classname="tests.test_hero_search" name="test_hero_search_unknown_part_graceful" time="7.012" /></testsuite></testsuites>