<?xml version="1.0" encoding="utf-8"?><testsuites name="pytest tests"><testsuite name="pytest" errors="0" failures="0" skipped="0" tests="21" time="23.343" timestamp="2026-07-14T06:41:36.218604+00:00" hostname="agent-env-3edffae1-435e-4871-b58f-2fd9fe64a9b9"><testcase classname="tests.test_refactor_regression" name="test_health" time="0.851" /><testcase classname="tests.test_refactor_regression" name="test_login_returns_jwt" time="0.331" /><testcase classname="tests.test_refactor_regression" name="test_hero_search_35010" time="6.273" /><testcase classname="tests.test_refactor_regression" name="test_order_no_format_and_global_discount" time="0.579" /><testcase classname="tests.test_refactor_regression" name="test_max_current_orders_limit" time="0.908" /><testcase classname="tests.test_refactor_regression" name="test_dedupe_on_create" time="0.526" /><testcase classname="tests.test_refactor_regression" name="test_auto_inject_mandatory_when_empty" time="1.185" /><testcase classname="tests.test_refactor_regression" name="test_put_empty_items_rejected" time="0.652" /><testcase classname="tests.test_refactor_regression" name="test_delete_requires_confirm" time="0.604" /><testcase classname="tests.test_refactor_regression" name="test_export_excel_and_pdf" time="0.710" /><testcase classname="tests.test_refactor_regression" name="test_inventory_upload_sets_freshness" time="0.266" /><testcase classname="tests.test_refactor_regression" name="test_db_import_rejects_invalid_backup" time="0.098" /><testcase classname="tests.test_refactor_regression" name="test_db_import_rejects_non_json" time="0.106" /><testcase classname="tests.test_refactor_regression" name="test_db_import_accepts_valid_shape" time="0.315" /><testcase classname="tests.test_delete_and_empty_save.TestDeleteConfirm" name="test_delete_without_confirm_returns_400" time="0.881" /><testcase classname="tests.test_delete_and_empty_save.TestDeleteConfirm" name="test_delete_wrong_confirm_string" time="0.393" /><testcase classname="tests.test_delete_and_empty_save.TestDeleteConfirm" name="test_delete_correct_confirm_lowercase" time="0.389" /><testcase classname="tests.test_delete_and_empty_save.TestDeleteConfirm" name="test_delete_confirm_case_insensitive" time="0.406" /><testcase classname="tests.test_delete_and_empty_save.TestPutEmptyItems" name="test_put_empty_items_returns_400" time="0.485" /><testcase classname="tests.test_delete_and_empty_save.TestPutEmptyItems" name="test_put_valid_items_succeeds" time="0.494" /><testcase classname="tests.test_delete_and_empty_save.TestHeroSearchRegression" name="test_hero_search_35010" time="6.540" /></testsuite></testsuites>