<?xml version="1.0" encoding="utf-8"?><testsuites name="pytest tests"><testsuite name="pytest" errors="0" failures="0" skipped="0" tests="12" time="8.274" timestamp="2026-07-13T14:49:22.982999+00:00" hostname="agent-env-69a11fdc-8aa1-4ec7-946c-274e919dce28"><testcase classname="tests.test_new_features.TestInventoryLock" name="test_status_shape_when_fresh" time="0.776" /><testcase classname="tests.test_new_features.TestInventoryLock" name="test_status_never_uploaded" time="0.261" /><testcase classname="tests.test_new_features.TestInventoryLock" name="test_locked_endpoints_return_423" time="0.966" /><testcase classname="tests.test_new_features.TestInventoryLock" name="test_get_endpoints_not_blocked_when_stale" time="0.650" /><testcase classname="tests.test_new_features.TestInventoryLock" name="test_upload_unlocks" time="0.388" /><testcase classname="tests.test_new_features.TestImportantParts" name="test_full_crud_and_enrichment" time="0.997" /><testcase classname="tests.test_new_features.TestImportantParts" name="test_dashboard_low_stock_alerts" time="0.549" /><testcase classname="tests.test_new_features.TestMandatoryParts" name="test_list_shape" time="0.123" /><testcase classname="tests.test_new_features.TestMandatoryParts" name="test_toggle_endpoint_route" time="0.379" /><testcase classname="tests.test_new_features.TestMandatoryParts" name="test_crud" time="0.738" /><testcase classname="tests.test_new_features.TestMandatoryParts" name="test_auto_inject_when_toggle_on" time="1.097" /><testcase classname="tests.test_new_features.TestMandatoryParts" name="test_no_auto_inject_when_toggle_off" time="0.919" /></testsuite></testsuites>