<?xml version="1.0" encoding="utf-8"?><testsuites name="pytest tests"><testsuite name="pytest" errors="0" failures="1" skipped="0" tests="24" time="13.872" timestamp="2026-07-13T09:25:47.717598+00:00" hostname="agent-env-0d246869-455d-4bbf-97c7-4fadd34887aa"><testcase classname="tests.backend_test.TestAuth" name="test_login_success" time="0.962" /><testcase classname="tests.backend_test.TestOrders" name="test_create_order_default" time="0.966" /><testcase classname="tests.backend_test.TestAuth" name="test_login_wrong_password" time="0.314" /><testcase classname="tests.backend_test.TestOrders" name="test_order_no_sequence_increments" time="0.411" /><testcase classname="tests.backend_test.TestAuth" name="test_me_endpoint" time="0.091" /><testcase classname="tests.backend_test.TestAuth" name="test_me_no_token" time="0.093" /><testcase classname="tests.backend_test.TestOrders" name="test_update_order_landed_price" time="0.399"><failure message="assert 69.78 &lt; 0.01&#10; +  where 69.78 = abs((279.13 - 209.35))&#10; +    where 209.35 = round((279.13 * 0.75), 2)">backend/tests/backend_test.py:155: in test_update_order_landed_price
    assert abs(it["landed_price"] - round(279.13 * 0.75, 2)) &lt; 0.01
E   assert 69.78 &lt; 0.01
E    +  where 69.78 = abs((279.13 - 209.35))
E    +    where 209.35 = round((279.13 * 0.75), 2)</failure></testcase><testcase classname="tests.backend_test.TestInventory" name="test_mapping_roundtrip" time="0.280" /><testcase classname="tests.backend_test.TestInventory" name="test_preview" time="0.285" /><testcase classname="tests.backend_test.TestOrders" name="test_update_order_duplicate_part" time="0.276" /><testcase classname="tests.backend_test.TestInventory" name="test_upload_list_and_lookup" time="0.562" /><testcase classname="tests.backend_test.TestOrders" name="test_check_part_previously_ordered" time="0.332" /><testcase classname="tests.backend_test.TestOrders" name="test_mark_sent_empty_rejected" time="0.191" /><testcase classname="tests.backend_test.TestInventory" name="test_upload_bad_mapping" time="0.100" /><testcase classname="tests.backend_test.TestOrders" name="test_mark_sent_and_immutable_and_reopen" time="0.687" /><testcase classname="tests.backend_test.TestSettings" name="test_get_settings_default" time="0.129" /><testcase classname="tests.backend_test.TestSettings" name="test_update_and_persist_discount" time="0.325" /><testcase classname="tests.backend_test.TestSettings" name="test_update_discount_invalid" time="0.099" /><testcase classname="tests.backend_test.TestExports" name="test_export_excel" time="0.312" /><testcase classname="tests.backend_test.TestOrders" name="test_list_orders_by_status" time="0.195" /><testcase classname="tests.backend_test.TestHeroSearch" name="test_hero_search_live" time="8.045" /><testcase classname="tests.backend_test.TestExports" name="test_export_pdf" time="8.163" /><testcase classname="tests.backend_test.TestHeroSearch" name="test_hero_search_empty" time="1.273" /><testcase classname="tests.backend_test.TestDashboard" name="test_dashboard_stats" time="1.034" /></testsuite></testsuites>