<?xml version="1.0" encoding="utf-8"?><testsuites name="pytest tests"><testsuite name="pytest" errors="0" failures="0" skipped="0" tests="24" time="13.953" timestamp="2026-07-13T14:49:50.630511+00:00" hostname="agent-env-69a11fdc-8aa1-4ec7-946c-274e919dce28"><testcase classname="tests.backend_test.TestAuth" name="test_login_success" time="0.666" /><testcase classname="tests.backend_test.TestAuth" name="test_login_wrong_password" time="0.332" /><testcase classname="tests.backend_test.TestAuth" name="test_me_endpoint" time="0.116" /><testcase classname="tests.backend_test.TestAuth" name="test_me_no_token" time="0.101" /><testcase classname="tests.backend_test.TestSettings" name="test_get_settings_default" time="0.104" /><testcase classname="tests.backend_test.TestSettings" name="test_update_and_persist_discount" time="0.334" /><testcase classname="tests.backend_test.TestSettings" name="test_update_discount_invalid" time="0.103" /><testcase classname="tests.backend_test.TestHeroSearch" name="test_hero_search_live" time="6.374" /><testcase classname="tests.backend_test.TestHeroSearch" name="test_hero_search_empty" time="0.162" /><testcase classname="tests.backend_test.TestOrders" name="test_create_order_default" time="0.106" /><testcase classname="tests.backend_test.TestOrders" name="test_order_no_sequence_increments" time="0.203" /><testcase classname="tests.backend_test.TestOrders" name="test_update_order_landed_price" time="0.317" /><testcase classname="tests.backend_test.TestOrders" name="test_update_order_duplicate_part" time="0.208" /><testcase classname="tests.backend_test.TestOrders" name="test_check_part_previously_ordered" time="0.331" /><testcase classname="tests.backend_test.TestOrders" name="test_mark_sent_empty_rejected" time="0.222" /><testcase classname="tests.backend_test.TestOrders" name="test_mark_sent_and_immutable_and_reopen" time="0.607" /><testcase classname="tests.backend_test.TestOrders" name="test_list_orders_by_status" time="0.222" /><testcase classname="tests.backend_test.TestExports" name="test_export_excel" time="0.360" /><testcase classname="tests.backend_test.TestExports" name="test_export_pdf" time="0.474" /><testcase classname="tests.backend_test.TestInventory" name="test_mapping_roundtrip" time="0.223" /><testcase classname="tests.backend_test.TestInventory" name="test_preview" time="0.164" /><testcase classname="tests.backend_test.TestInventory" name="test_upload_list_and_lookup" time="0.445" /><testcase classname="tests.backend_test.TestInventory" name="test_upload_bad_mapping" time="0.147" /><testcase classname="tests.backend_test.TestDashboard" name="test_dashboard_stats" time="1.282" /></testsuite></testsuites>